0 verbose cli /usr/local/bin/node /usr/local/bin/npm
1 info using npm@11.12.1
2 info using node@v24.15.0
3 silly config load:file:/usr/local/lib/node_modules/npm/npmrc
4 silly config load:file:/Users/gabriel.wsantos/Desktop/coisas/projeto/SitePortfolioGabs/.npmrc
5 silly config load:file:/Users/gabriel.wsantos/.npmrc
6 silly config load:file:/usr/local/etc/npmrc
7 verbose title npm install
8 verbose argv "install" "--cache" ".npm_cache"
9 verbose logfile logs-max:10 dir:/Users/gabriel.wsantos/Desktop/coisas/projeto/SitePortfolioGabs/.npm_cache/_logs/2026-07-01T22_00_44_719Z-
10 verbose logfile /Users/gabriel.wsantos/Desktop/coisas/projeto/SitePortfolioGabs/.npm_cache/_logs/2026-07-01T22_00_44_719Z-debug-0.log
11 silly logfile done cleaning log files
12 silly packumentCache heap:4496293888 maxSize:1124073472 maxEntrySize:562036736
13 silly idealTree buildDeps
14 silly fetch manifest sharp@^0.34.5
15 silly packumentCache full:https://registry.npmjs.org/sharp cache-miss
16 http fetch GET 200 https://registry.npmjs.org/sharp 103ms (cache miss)
17 silly packumentCache full:https://registry.npmjs.org/sharp set size:undefined disposed:false
18 silly fetch manifest vite@^8.0.1
19 silly packumentCache full:https://registry.npmjs.org/vite cache-miss
20 http fetch GET 200 https://registry.npmjs.org/npm 159ms
21 http fetch GET 200 https://registry.npmjs.org/vite 1443ms (cache miss)
22 silly packumentCache full:https://registry.npmjs.org/vite set size:undefined disposed:false
23 silly fetch manifest @types/node@^20.19.0 || >=22.12.0
24 silly packumentCache full:https://registry.npmjs.org/@types%2fnode cache-miss
25 http fetch GET 200 https://registry.npmjs.org/@types%2fnode 215ms (cache miss)
26 silly packumentCache full:https://registry.npmjs.org/@types%2fnode set size:undefined disposed:false
27 silly fetch manifest @vitejs/devtools@^0.3.0
28 silly packumentCache full:https://registry.npmjs.org/@vitejs%2fdevtools cache-miss
29 http fetch GET 200 https://registry.npmjs.org/@vitejs%2fdevtools 58ms (cache miss)
30 silly packumentCache full:https://registry.npmjs.org/@vitejs%2fdevtools set size:undefined disposed:false
31 silly fetch manifest esbuild@^0.27.0 || ^0.28.0
32 silly packumentCache full:https://registry.npmjs.org/esbuild cache-miss
33 http fetch GET 200 https://registry.npmjs.org/esbuild 91ms (cache miss)
34 silly packumentCache full:https://registry.npmjs.org/esbuild set size:undefined disposed:false
35 silly fetch manifest jiti@>=1.21.0
36 silly packumentCache full:https://registry.npmjs.org/jiti cache-miss
37 http fetch GET 200 https://registry.npmjs.org/jiti 43ms (cache miss)
38 silly packumentCache full:https://registry.npmjs.org/jiti set size:undefined disposed:false
39 silly fetch manifest less@^4.0.0
40 silly packumentCache full:https://registry.npmjs.org/less cache-miss
41 http fetch GET 200 https://registry.npmjs.org/less 38ms (cache miss)
42 silly packumentCache full:https://registry.npmjs.org/less set size:undefined disposed:false
43 silly fetch manifest sass@^1.70.0
44 silly packumentCache full:https://registry.npmjs.org/sass cache-miss
45 http fetch GET 200 https://registry.npmjs.org/sass 94ms (cache miss)
46 silly packumentCache full:https://registry.npmjs.org/sass set size:undefined disposed:false
47 silly fetch manifest sass-embedded@^1.70.0
48 silly packumentCache full:https://registry.npmjs.org/sass-embedded cache-miss
49 http fetch GET 200 https://registry.npmjs.org/sass-embedded 115ms (cache miss)
50 silly packumentCache full:https://registry.npmjs.org/sass-embedded set size:undefined disposed:false
51 silly fetch manifest stylus@>=0.54.8
52 silly packumentCache full:https://registry.npmjs.org/stylus cache-miss
53 http fetch GET 200 https://registry.npmjs.org/stylus 49ms (cache miss)
54 silly packumentCache full:https://registry.npmjs.org/stylus set size:undefined disposed:false
55 silly fetch manifest sugarss@^5.0.0
56 silly packumentCache full:https://registry.npmjs.org/sugarss cache-miss
57 http fetch GET 200 https://registry.npmjs.org/sugarss 28ms (cache miss)
58 silly packumentCache full:https://registry.npmjs.org/sugarss set size:undefined disposed:false
59 silly fetch manifest postcss@^8.3.3
60 silly packumentCache full:https://registry.npmjs.org/postcss cache-miss
61 http fetch GET 200 https://registry.npmjs.org/postcss 75ms (cache miss)
62 silly packumentCache full:https://registry.npmjs.org/postcss set size:undefined disposed:false
63 silly fetch manifest terser@^5.16.0
64 silly packumentCache full:https://registry.npmjs.org/terser cache-miss
65 http fetch GET 200 https://registry.npmjs.org/terser 61ms (cache miss)
66 silly packumentCache full:https://registry.npmjs.org/terser set size:undefined disposed:false
67 silly fetch manifest tsx@^4.8.1
68 silly packumentCache full:https://registry.npmjs.org/tsx cache-miss
69 http fetch GET 200 https://registry.npmjs.org/tsx 51ms (cache miss)
70 silly packumentCache full:https://registry.npmjs.org/tsx set size:undefined disposed:false
71 silly fetch manifest yaml@^2.4.2
72 silly packumentCache full:https://registry.npmjs.org/yaml cache-miss
73 http fetch GET 200 https://registry.npmjs.org/yaml 38ms (cache miss)
74 silly packumentCache full:https://registry.npmjs.org/yaml set size:undefined disposed:false
75 silly placeDep ROOT sharp@0.34.5 OK for: siteportfoliogabsv3@0.0.0 want: ^0.34.5
76 silly placeDep ROOT vite@8.1.2 OK for: siteportfoliogabsv3@0.0.0 want: ^8.0.1
77 silly fetch manifest semver@^7.7.3
78 silly packumentCache full:https://registry.npmjs.org/semver cache-miss
79 silly fetch manifest @img/colour@^1.0.0
80 silly packumentCache full:https://registry.npmjs.org/@img%2fcolour cache-miss
81 silly fetch manifest detect-libc@^2.1.2
82 silly packumentCache full:https://registry.npmjs.org/detect-libc cache-miss
83 silly fetch manifest @img/sharp-wasm32@0.34.5
84 silly packumentCache full:https://registry.npmjs.org/@img%2fsharp-wasm32 cache-miss
85 silly fetch manifest @img/sharp-linux-arm@0.34.5
86 silly packumentCache full:https://registry.npmjs.org/@img%2fsharp-linux-arm cache-miss
87 silly fetch manifest @img/sharp-linux-x64@0.34.5
88 silly packumentCache full:https://registry.npmjs.org/@img%2fsharp-linux-x64 cache-miss
89 silly fetch manifest @img/sharp-win32-x64@0.34.5
90 silly packumentCache full:https://registry.npmjs.org/@img%2fsharp-win32-x64 cache-miss
91 silly fetch manifest @img/sharp-darwin-x64@0.34.5
92 silly packumentCache full:https://registry.npmjs.org/@img%2fsharp-darwin-x64 cache-miss
93 silly fetch manifest @img/sharp-win32-ia32@0.34.5
94 silly packumentCache full:https://registry.npmjs.org/@img%2fsharp-win32-ia32 cache-miss
95 http fetch GET 200 https://registry.npmjs.org/semver 48ms (cache miss)
96 silly packumentCache full:https://registry.npmjs.org/semver set size:undefined disposed:false
97 silly fetch manifest @img/sharp-linux-arm64@0.34.5
98 silly packumentCache full:https://registry.npmjs.org/@img%2fsharp-linux-arm64 cache-miss
99 http fetch GET 200 https://registry.npmjs.org/@img%2fcolour 50ms (cache miss)
100 silly packumentCache full:https://registry.npmjs.org/@img%2fcolour set size:undefined disposed:false
101 silly fetch manifest @img/sharp-linux-ppc64@0.34.5
102 silly packumentCache full:https://registry.npmjs.org/@img%2fsharp-linux-ppc64 cache-miss
103 http fetch GET 200 https://registry.npmjs.org/detect-libc 77ms (cache miss)
104 silly packumentCache full:https://registry.npmjs.org/detect-libc set size:undefined disposed:false
105 silly fetch manifest @img/sharp-linux-s390x@0.34.5
106 silly packumentCache full:https://registry.npmjs.org/@img%2fsharp-linux-s390x cache-miss
107 http fetch GET 200 https://registry.npmjs.org/@img%2fsharp-linux-ppc64 100ms (cache miss)
108 silly packumentCache full:https://registry.npmjs.org/@img%2fsharp-linux-ppc64 set size:undefined disposed:false
109 silly fetch manifest @img/sharp-win32-arm64@0.34.5
110 silly packumentCache full:https://registry.npmjs.org/@img%2fsharp-win32-arm64 cache-miss
111 http fetch GET 200 https://registry.npmjs.org/@img%2fsharp-linux-arm64 104ms (cache miss)
112 silly packumentCache full:https://registry.npmjs.org/@img%2fsharp-linux-arm64 set size:undefined disposed:false
113 silly fetch manifest @img/sharp-darwin-arm64@0.34.5
114 silly packumentCache full:https://registry.npmjs.org/@img%2fsharp-darwin-arm64 cache-miss
115 http fetch GET 200 https://registry.npmjs.org/@img%2fsharp-linux-x64 153ms (cache miss)
116 silly packumentCache full:https://registry.npmjs.org/@img%2fsharp-linux-x64 set size:undefined disposed:false
117 silly fetch manifest @img/sharp-linux-riscv64@0.34.5
118 silly packumentCache full:https://registry.npmjs.org/@img%2fsharp-linux-riscv64 cache-miss
119 http fetch GET 200 https://registry.npmjs.org/@img%2fsharp-win32-x64 154ms (cache miss)
120 silly packumentCache full:https://registry.npmjs.org/@img%2fsharp-win32-x64 set size:undefined disposed:false
121 silly fetch manifest @img/sharp-linuxmusl-x64@0.34.5
122 silly packumentCache full:https://registry.npmjs.org/@img%2fsharp-linuxmusl-x64 cache-miss
123 http fetch GET 200 https://registry.npmjs.org/@img%2fsharp-win32-ia32 155ms (cache miss)
124 silly packumentCache full:https://registry.npmjs.org/@img%2fsharp-win32-ia32 set size:undefined disposed:false
125 silly fetch manifest @img/sharp-linuxmusl-arm64@0.34.5
126 silly packumentCache full:https://registry.npmjs.org/@img%2fsharp-linuxmusl-arm64 cache-miss
127 http fetch GET 200 https://registry.npmjs.org/@img%2fsharp-darwin-x64 156ms (cache miss)
128 silly packumentCache full:https://registry.npmjs.org/@img%2fsharp-darwin-x64 set size:undefined disposed:false
129 silly fetch manifest @img/sharp-libvips-linux-arm@1.2.4
130 silly packumentCache full:https://registry.npmjs.org/@img%2fsharp-libvips-linux-arm cache-miss
131 http fetch GET 200 https://registry.npmjs.org/@img%2fsharp-linux-arm 156ms (cache miss)
132 silly packumentCache full:https://registry.npmjs.org/@img%2fsharp-linux-arm set size:undefined disposed:false
133 silly fetch manifest @img/sharp-libvips-linux-x64@1.2.4
134 silly packumentCache full:https://registry.npmjs.org/@img%2fsharp-libvips-linux-x64 cache-miss
135 http fetch GET 200 https://registry.npmjs.org/@img%2fsharp-wasm32 157ms (cache miss)
136 silly packumentCache full:https://registry.npmjs.org/@img%2fsharp-wasm32 set size:undefined disposed:false
137 silly fetch manifest @img/sharp-libvips-darwin-x64@1.2.4
138 silly packumentCache full:https://registry.npmjs.org/@img%2fsharp-libvips-darwin-x64 cache-miss
139 http fetch GET 200 https://registry.npmjs.org/@img%2fsharp-linux-s390x 98ms (cache miss)
140 silly packumentCache full:https://registry.npmjs.org/@img%2fsharp-linux-s390x set size:undefined disposed:false
141 silly fetch manifest @img/sharp-libvips-linux-arm64@1.2.4
142 silly packumentCache full:https://registry.npmjs.org/@img%2fsharp-libvips-linux-arm64 cache-miss
143 http fetch GET 200 https://registry.npmjs.org/@img%2fsharp-darwin-arm64 43ms (cache miss)
144 silly packumentCache full:https://registry.npmjs.org/@img%2fsharp-darwin-arm64 set size:undefined disposed:false
145 silly fetch manifest @img/sharp-libvips-linux-ppc64@1.2.4
146 silly packumentCache full:https://registry.npmjs.org/@img%2fsharp-libvips-linux-ppc64 cache-miss
147 http fetch GET 200 https://registry.npmjs.org/@img%2fsharp-linux-riscv64 46ms (cache miss)
148 silly packumentCache full:https://registry.npmjs.org/@img%2fsharp-linux-riscv64 set size:undefined disposed:false
149 silly fetch manifest @img/sharp-libvips-linux-s390x@1.2.4
150 silly packumentCache full:https://registry.npmjs.org/@img%2fsharp-libvips-linux-s390x cache-miss
151 http fetch GET 200 https://registry.npmjs.org/@img%2fsharp-win32-arm64 49ms (cache miss)
152 silly packumentCache full:https://registry.npmjs.org/@img%2fsharp-win32-arm64 set size:undefined disposed:false
153 silly fetch manifest @img/sharp-libvips-darwin-arm64@1.2.4
154 silly packumentCache full:https://registry.npmjs.org/@img%2fsharp-libvips-darwin-arm64 cache-miss
155 http fetch GET 200 https://registry.npmjs.org/@img%2fsharp-libvips-linux-x64 47ms (cache miss)
156 silly packumentCache full:https://registry.npmjs.org/@img%2fsharp-libvips-linux-x64 set size:undefined disposed:false
157 silly fetch manifest @img/sharp-libvips-linux-riscv64@1.2.4
158 silly packumentCache full:https://registry.npmjs.org/@img%2fsharp-libvips-linux-riscv64 cache-miss
159 http fetch GET 200 https://registry.npmjs.org/@img%2fsharp-linuxmusl-arm64 50ms (cache miss)
160 silly packumentCache full:https://registry.npmjs.org/@img%2fsharp-linuxmusl-arm64 set size:undefined disposed:false
161 silly fetch manifest @img/sharp-libvips-linuxmusl-x64@1.2.4
162 silly packumentCache full:https://registry.npmjs.org/@img%2fsharp-libvips-linuxmusl-x64 cache-miss
163 http fetch GET 200 https://registry.npmjs.org/@img%2fsharp-libvips-linux-arm 58ms (cache miss)
164 silly packumentCache full:https://registry.npmjs.org/@img%2fsharp-libvips-linux-arm set size:undefined disposed:false
165 silly fetch manifest @img/sharp-libvips-linuxmusl-arm64@1.2.4
166 silly packumentCache full:https://registry.npmjs.org/@img%2fsharp-libvips-linuxmusl-arm64 cache-miss
167 http fetch GET 200 https://registry.npmjs.org/@img%2fsharp-linuxmusl-x64 60ms (cache miss)
168 silly packumentCache full:https://registry.npmjs.org/@img%2fsharp-linuxmusl-x64 set size:undefined disposed:false
169 silly fetch manifest lightningcss@^1.32.0
170 silly packumentCache full:https://registry.npmjs.org/lightningcss cache-miss
171 http fetch GET 200 https://registry.npmjs.org/@img%2fsharp-libvips-linux-arm64 46ms (cache miss)
172 silly packumentCache full:https://registry.npmjs.org/@img%2fsharp-libvips-linux-arm64 set size:undefined disposed:false
173 silly fetch manifest picomatch@^4.0.4
174 silly packumentCache full:https://registry.npmjs.org/picomatch cache-miss
175 http fetch GET 200 https://registry.npmjs.org/@img%2fsharp-libvips-linux-ppc64 43ms (cache miss)
176 silly packumentCache full:https://registry.npmjs.org/@img%2fsharp-libvips-linux-ppc64 set size:undefined disposed:false
177 silly fetch manifest postcss@^8.5.16
178 silly packumentCache full:https://registry.npmjs.org/postcss cache-miss
179 http cache https://registry.npmjs.org/postcss 6ms (cache hit)
180 silly packumentCache full:https://registry.npmjs.org/postcss set size:726591 disposed:false
181 silly fetch manifest rolldown@~1.1.3
182 silly packumentCache full:https://registry.npmjs.org/rolldown cache-miss
183 http fetch GET 200 https://registry.npmjs.org/@img%2fsharp-libvips-linux-s390x 52ms (cache miss)
184 silly packumentCache full:https://registry.npmjs.org/@img%2fsharp-libvips-linux-s390x set size:undefined disposed:false
185 silly fetch manifest tinyglobby@^0.2.17
186 silly packumentCache full:https://registry.npmjs.org/tinyglobby cache-miss
187 http fetch GET 200 https://registry.npmjs.org/@img%2fsharp-libvips-linuxmusl-x64 50ms (cache miss)
188 silly packumentCache full:https://registry.npmjs.org/@img%2fsharp-libvips-linuxmusl-x64 set size:undefined disposed:false
189 silly fetch manifest fsevents@~2.3.3
190 silly packumentCache full:https://registry.npmjs.org/fsevents cache-miss
191 http fetch GET 200 https://registry.npmjs.org/picomatch 36ms (cache miss)
192 silly packumentCache full:https://registry.npmjs.org/picomatch set size:undefined disposed:false
193 http fetch GET 200 https://registry.npmjs.org/@img%2fsharp-libvips-linuxmusl-arm64 54ms (cache miss)
194 silly packumentCache full:https://registry.npmjs.org/@img%2fsharp-libvips-linuxmusl-arm64 set size:undefined disposed:false
195 http fetch GET 200 https://registry.npmjs.org/@img%2fsharp-libvips-linux-riscv64 67ms (cache miss)
196 silly packumentCache full:https://registry.npmjs.org/@img%2fsharp-libvips-linux-riscv64 set size:undefined disposed:false
197 http fetch GET 200 https://registry.npmjs.org/lightningcss 64ms (cache miss)
198 silly packumentCache full:https://registry.npmjs.org/lightningcss set size:undefined disposed:false
199 http fetch GET 200 https://registry.npmjs.org/@img%2fsharp-libvips-darwin-x64 124ms (cache miss)
200 silly packumentCache full:https://registry.npmjs.org/@img%2fsharp-libvips-darwin-x64 set size:undefined disposed:false
201 http fetch GET 200 https://registry.npmjs.org/@img%2fsharp-libvips-darwin-arm64 80ms (cache miss)
202 silly packumentCache full:https://registry.npmjs.org/@img%2fsharp-libvips-darwin-arm64 set size:undefined disposed:false
203 http fetch GET 200 https://registry.npmjs.org/tinyglobby 40ms (cache miss)
204 silly packumentCache full:https://registry.npmjs.org/tinyglobby set size:undefined disposed:false
205 http fetch GET 200 https://registry.npmjs.org/fsevents 40ms (cache miss)
206 silly packumentCache full:https://registry.npmjs.org/fsevents set size:undefined disposed:false
207 http fetch GET 200 https://registry.npmjs.org/rolldown 90ms (cache miss)
208 silly packumentCache full:https://registry.npmjs.org/rolldown set size:undefined disposed:false
209 silly placeDep ROOT @img/colour@1.1.0 OK for: sharp@0.34.5 want: ^1.0.0
210 silly placeDep ROOT @img/sharp-darwin-arm64@0.34.5 OK for: sharp@0.34.5 want: 0.34.5
211 silly placeDep ROOT @img/sharp-darwin-x64@0.34.5 OK for: sharp@0.34.5 want: 0.34.5
212 silly placeDep ROOT @img/sharp-libvips-darwin-arm64@1.2.4 OK for: sharp@0.34.5 want: 1.2.4
213 silly placeDep ROOT @img/sharp-libvips-darwin-x64@1.2.4 OK for: sharp@0.34.5 want: 1.2.4
214 silly placeDep ROOT @img/sharp-libvips-linux-arm@1.2.4 OK for: sharp@0.34.5 want: 1.2.4
215 silly placeDep ROOT @img/sharp-libvips-linux-arm64@1.2.4 OK for: sharp@0.34.5 want: 1.2.4
216 silly placeDep ROOT @img/sharp-libvips-linux-ppc64@1.2.4 OK for: sharp@0.34.5 want: 1.2.4
217 silly placeDep ROOT @img/sharp-libvips-linux-riscv64@1.2.4 OK for: sharp@0.34.5 want: 1.2.4
218 silly placeDep ROOT @img/sharp-libvips-linux-s390x@1.2.4 OK for: sharp@0.34.5 want: 1.2.4
219 silly placeDep ROOT @img/sharp-libvips-linux-x64@1.2.4 OK for: sharp@0.34.5 want: 1.2.4
220 silly placeDep ROOT @img/sharp-libvips-linuxmusl-arm64@1.2.4 OK for: sharp@0.34.5 want: 1.2.4
221 silly placeDep ROOT @img/sharp-libvips-linuxmusl-x64@1.2.4 OK for: sharp@0.34.5 want: 1.2.4
222 silly placeDep ROOT @img/sharp-linux-arm@0.34.5 OK for: sharp@0.34.5 want: 0.34.5
223 silly placeDep ROOT @img/sharp-linux-arm64@0.34.5 OK for: sharp@0.34.5 want: 0.34.5
224 silly placeDep ROOT @img/sharp-linux-ppc64@0.34.5 OK for: sharp@0.34.5 want: 0.34.5
225 silly placeDep ROOT @img/sharp-linux-riscv64@0.34.5 OK for: sharp@0.34.5 want: 0.34.5
226 silly placeDep ROOT @img/sharp-linux-s390x@0.34.5 OK for: sharp@0.34.5 want: 0.34.5
227 silly placeDep ROOT @img/sharp-linux-x64@0.34.5 OK for: sharp@0.34.5 want: 0.34.5
228 silly placeDep ROOT @img/sharp-linuxmusl-arm64@0.34.5 OK for: sharp@0.34.5 want: 0.34.5
229 silly placeDep ROOT @img/sharp-linuxmusl-x64@0.34.5 OK for: sharp@0.34.5 want: 0.34.5
230 silly placeDep ROOT @img/sharp-wasm32@0.34.5 OK for: sharp@0.34.5 want: 0.34.5
231 silly placeDep ROOT @img/sharp-win32-arm64@0.34.5 OK for: sharp@0.34.5 want: 0.34.5
232 silly placeDep ROOT @img/sharp-win32-ia32@0.34.5 OK for: sharp@0.34.5 want: 0.34.5
233 silly placeDep ROOT @img/sharp-win32-x64@0.34.5 OK for: sharp@0.34.5 want: 0.34.5
234 silly placeDep ROOT detect-libc@2.1.2 OK for: sharp@0.34.5 want: ^2.1.2
235 silly placeDep ROOT semver@7.8.5 OK for: sharp@0.34.5 want: ^7.7.3
236 silly fetch manifest @emnapi/runtime@^1.7.0
237 silly packumentCache full:https://registry.npmjs.org/@emnapi%2fruntime cache-miss
238 http fetch GET 200 https://registry.npmjs.org/@emnapi%2fruntime 77ms (cache miss)
239 silly packumentCache full:https://registry.npmjs.org/@emnapi%2fruntime set size:undefined disposed:false
240 silly placeDep ROOT @emnapi/runtime@1.11.1 OK for: @img/sharp-wasm32@0.34.5 want: ^1.7.0
241 silly fetch manifest tslib@^2.4.0
242 silly packumentCache full:https://registry.npmjs.org/tslib cache-miss
243 http fetch GET 200 https://registry.npmjs.org/tslib 34ms (cache miss)
244 silly packumentCache full:https://registry.npmjs.org/tslib set size:undefined disposed:false
245 silly placeDep ROOT tslib@2.8.1 OK for: @emnapi/runtime@1.11.1 want: ^2.4.0
246 silly placeDep ROOT fsevents@2.3.3 OK for: vite@8.1.2 want: ~2.3.3
247 silly placeDep ROOT lightningcss@1.32.0 OK for: vite@8.1.2 want: ^1.32.0
248 silly placeDep ROOT picomatch@4.0.4 OK for: vite@8.1.2 want: ^4.0.4
249 silly placeDep ROOT postcss@8.5.16 OK for: vite@8.1.2 want: ^8.5.16
250 silly placeDep ROOT rolldown@1.1.4 OK for: vite@8.1.2 want: ~1.1.3
251 silly placeDep ROOT tinyglobby@0.2.17 OK for: vite@8.1.2 want: ^0.2.17
252 silly fetch manifest lightningcss-darwin-x64@1.32.0
253 silly packumentCache full:https://registry.npmjs.org/lightningcss-darwin-x64 cache-miss
254 silly fetch manifest lightningcss-linux-x64-gnu@1.32.0
255 silly packumentCache full:https://registry.npmjs.org/lightningcss-linux-x64-gnu cache-miss
256 silly fetch manifest lightningcss-win32-x64-msvc@1.32.0
257 silly packumentCache full:https://registry.npmjs.org/lightningcss-win32-x64-msvc cache-miss
258 silly fetch manifest lightningcss-win32-arm64-msvc@1.32.0
259 silly packumentCache full:https://registry.npmjs.org/lightningcss-win32-arm64-msvc cache-miss
260 silly fetch manifest lightningcss-darwin-arm64@1.32.0
261 silly packumentCache full:https://registry.npmjs.org/lightningcss-darwin-arm64 cache-miss
262 silly fetch manifest lightningcss-linux-arm64-gnu@1.32.0
263 silly packumentCache full:https://registry.npmjs.org/lightningcss-linux-arm64-gnu cache-miss
264 silly fetch manifest lightningcss-linux-arm-gnueabihf@1.32.0
265 silly packumentCache full:https://registry.npmjs.org/lightningcss-linux-arm-gnueabihf cache-miss
266 silly fetch manifest lightningcss-linux-arm64-musl@1.32.0
267 silly packumentCache full:https://registry.npmjs.org/lightningcss-linux-arm64-musl cache-miss
268 silly fetch manifest lightningcss-linux-x64-musl@1.32.0
269 silly packumentCache full:https://registry.npmjs.org/lightningcss-linux-x64-musl cache-miss
270 http fetch GET 200 https://registry.npmjs.org/lightningcss-win32-arm64-msvc 41ms (cache miss)
271 silly packumentCache full:https://registry.npmjs.org/lightningcss-win32-arm64-msvc set size:undefined disposed:false
272 silly fetch manifest lightningcss-freebsd-x64@1.32.0
273 silly packumentCache full:https://registry.npmjs.org/lightningcss-freebsd-x64 cache-miss
274 http fetch GET 200 https://registry.npmjs.org/lightningcss-linux-x64-musl 42ms (cache miss)
275 silly packumentCache full:https://registry.npmjs.org/lightningcss-linux-x64-musl set size:undefined disposed:false
276 silly fetch manifest lightningcss-android-arm64@1.32.0
277 silly packumentCache full:https://registry.npmjs.org/lightningcss-android-arm64 cache-miss
278 http fetch GET 200 https://registry.npmjs.org/lightningcss-linux-arm-gnueabihf 46ms (cache miss)
279 silly packumentCache full:https://registry.npmjs.org/lightningcss-linux-arm-gnueabihf set size:undefined disposed:false
280 silly fetch manifest nanoid@^3.3.12
281 silly packumentCache full:https://registry.npmjs.org/nanoid cache-miss
282 http fetch GET 200 https://registry.npmjs.org/lightningcss-darwin-arm64 51ms (cache miss)
283 silly packumentCache full:https://registry.npmjs.org/lightningcss-darwin-arm64 set size:undefined disposed:false
284 silly fetch manifest picocolors@^1.1.1
285 silly packumentCache full:https://registry.npmjs.org/picocolors cache-miss
286 http fetch GET 200 https://registry.npmjs.org/lightningcss-linux-x64-gnu 55ms (cache miss)
287 silly packumentCache full:https://registry.npmjs.org/lightningcss-linux-x64-gnu set size:undefined disposed:false
288 silly fetch manifest source-map-js@^1.2.1
289 silly packumentCache full:https://registry.npmjs.org/source-map-js cache-miss
290 http fetch GET 200 https://registry.npmjs.org/lightningcss-darwin-x64 57ms (cache miss)
291 silly packumentCache full:https://registry.npmjs.org/lightningcss-darwin-x64 set size:undefined disposed:false
292 silly fetch manifest @oxc-project/types@=0.138.0
293 silly packumentCache full:https://registry.npmjs.org/@oxc-project%2ftypes cache-miss
294 http fetch GET 200 https://registry.npmjs.org/lightningcss-linux-arm64-gnu 59ms (cache miss)
295 silly packumentCache full:https://registry.npmjs.org/lightningcss-linux-arm64-gnu set size:undefined disposed:false
296 silly fetch manifest @rolldown/pluginutils@^1.0.0
297 silly packumentCache full:https://registry.npmjs.org/@rolldown%2fpluginutils cache-miss
298 http fetch GET 200 https://registry.npmjs.org/lightningcss-linux-arm64-musl 65ms (cache miss)
299 silly packumentCache full:https://registry.npmjs.org/lightningcss-linux-arm64-musl set size:undefined disposed:false
300 silly fetch manifest @rolldown/binding-darwin-x64@1.1.4
301 silly packumentCache full:https://registry.npmjs.org/@rolldown%2fbinding-darwin-x64 cache-miss
302 http fetch GET 200 https://registry.npmjs.org/lightningcss-freebsd-x64 35ms (cache miss)
303 silly packumentCache full:https://registry.npmjs.org/lightningcss-freebsd-x64 set size:undefined disposed:false
304 silly fetch manifest @rolldown/binding-win32-x64-msvc@1.1.4
305 silly packumentCache full:https://registry.npmjs.org/@rolldown%2fbinding-win32-x64-msvc cache-miss
306 http fetch GET 200 https://registry.npmjs.org/lightningcss-android-arm64 33ms (cache miss)
307 silly packumentCache full:https://registry.npmjs.org/lightningcss-android-arm64 set size:undefined disposed:false
308 silly fetch manifest @rolldown/binding-linux-x64-gnu@1.1.4
309 silly packumentCache full:https://registry.npmjs.org/@rolldown%2fbinding-linux-x64-gnu cache-miss
310 http fetch GET 200 https://registry.npmjs.org/lightningcss-win32-x64-msvc 84ms (cache miss)
311 silly packumentCache full:https://registry.npmjs.org/lightningcss-win32-x64-msvc set size:undefined disposed:false
312 silly fetch manifest @rolldown/binding-linux-x64-musl@1.1.4
313 silly packumentCache full:https://registry.npmjs.org/@rolldown%2fbinding-linux-x64-musl cache-miss
314 http fetch GET 200 https://registry.npmjs.org/nanoid 48ms (cache miss)
315 silly packumentCache full:https://registry.npmjs.org/nanoid set size:undefined disposed:false
316 silly fetch manifest @rolldown/binding-freebsd-x64@1.1.4
317 silly packumentCache full:https://registry.npmjs.org/@rolldown%2fbinding-freebsd-x64 cache-miss
318 http fetch GET 200 https://registry.npmjs.org/source-map-js 42ms (cache miss)
319 silly packumentCache full:https://registry.npmjs.org/source-map-js set size:undefined disposed:false
320 silly fetch manifest @rolldown/binding-linux-arm-gnueabihf@1.1.4
321 silly packumentCache full:https://registry.npmjs.org/@rolldown%2fbinding-linux-arm-gnueabihf cache-miss
322 http fetch GET 200 https://registry.npmjs.org/picocolors 58ms (cache miss)
323 silly packumentCache full:https://registry.npmjs.org/picocolors set size:undefined disposed:false
324 silly fetch manifest @rolldown/binding-linux-arm64-gnu@1.1.4
325 silly packumentCache full:https://registry.npmjs.org/@rolldown%2fbinding-linux-arm64-gnu cache-miss
326 http fetch GET 200 https://registry.npmjs.org/@oxc-project%2ftypes 58ms (cache miss)
327 silly packumentCache full:https://registry.npmjs.org/@oxc-project%2ftypes set size:undefined disposed:false
328 silly fetch manifest @rolldown/binding-darwin-arm64@1.1.4
329 silly packumentCache full:https://registry.npmjs.org/@rolldown%2fbinding-darwin-arm64 cache-miss
330 http fetch GET 200 https://registry.npmjs.org/@rolldown%2fpluginutils 61ms (cache miss)
331 silly packumentCache full:https://registry.npmjs.org/@rolldown%2fpluginutils set size:undefined disposed:false
332 silly fetch manifest @rolldown/binding-linux-arm64-musl@1.1.4
333 silly packumentCache full:https://registry.npmjs.org/@rolldown%2fbinding-linux-arm64-musl cache-miss
334 http fetch GET 200 https://registry.npmjs.org/@rolldown%2fbinding-linux-x64-gnu 84ms (cache miss)
335 silly packumentCache full:https://registry.npmjs.org/@rolldown%2fbinding-linux-x64-gnu set size:undefined disposed:false
336 silly fetch manifest @rolldown/binding-openharmony-arm64@1.1.4
337 silly packumentCache full:https://registry.npmjs.org/@rolldown%2fbinding-openharmony-arm64 cache-miss
338 http fetch GET 200 https://registry.npmjs.org/@rolldown%2fbinding-darwin-x64 141ms (cache miss)
339 silly packumentCache full:https://registry.npmjs.org/@rolldown%2fbinding-darwin-x64 set size:undefined disposed:false
340 silly fetch manifest @rolldown/binding-win32-arm64-msvc@1.1.4
341 silly packumentCache full:https://registry.npmjs.org/@rolldown%2fbinding-win32-arm64-msvc cache-miss
342 http fetch GET 200 https://registry.npmjs.org/@rolldown%2fbinding-freebsd-x64 120ms (cache miss)
343 silly packumentCache full:https://registry.npmjs.org/@rolldown%2fbinding-freebsd-x64 set size:undefined disposed:false
344 silly fetch manifest @rolldown/binding-android-arm64@1.1.4
345 silly packumentCache full:https://registry.npmjs.org/@rolldown%2fbinding-android-arm64 cache-miss
346 http fetch GET 200 https://registry.npmjs.org/@rolldown%2fbinding-darwin-arm64 131ms (cache miss)
347 silly packumentCache full:https://registry.npmjs.org/@rolldown%2fbinding-darwin-arm64 set size:undefined disposed:false
348 silly fetch manifest @rolldown/binding-wasm32-wasi@1.1.4
349 silly packumentCache full:https://registry.npmjs.org/@rolldown%2fbinding-wasm32-wasi cache-miss
350 http fetch GET 200 https://registry.npmjs.org/@rolldown%2fbinding-openharmony-arm64 90ms (cache miss)
351 silly packumentCache full:https://registry.npmjs.org/@rolldown%2fbinding-openharmony-arm64 set size:undefined disposed:false
352 silly fetch manifest @rolldown/binding-linux-s390x-gnu@1.1.4
353 silly packumentCache full:https://registry.npmjs.org/@rolldown%2fbinding-linux-s390x-gnu cache-miss
354 http fetch GET 200 https://registry.npmjs.org/@rolldown%2fbinding-linux-arm-gnueabihf 171ms (cache miss)
355 silly packumentCache full:https://registry.npmjs.org/@rolldown%2fbinding-linux-arm-gnueabihf set size:undefined disposed:false
356 silly fetch manifest @rolldown/binding-linux-ppc64-gnu@1.1.4
357 silly packumentCache full:https://registry.npmjs.org/@rolldown%2fbinding-linux-ppc64-gnu cache-miss
358 http fetch GET 200 https://registry.npmjs.org/@rolldown%2fbinding-linux-arm64-gnu 165ms (cache miss)
359 silly packumentCache full:https://registry.npmjs.org/@rolldown%2fbinding-linux-arm64-gnu set size:undefined disposed:false
360 silly fetch manifest fdir@^6.5.0
361 silly packumentCache full:https://registry.npmjs.org/fdir cache-miss
362 http fetch GET 200 https://registry.npmjs.org/@rolldown%2fbinding-linux-x64-musl 199ms (cache miss)
363 silly packumentCache full:https://registry.npmjs.org/@rolldown%2fbinding-linux-x64-musl set size:undefined disposed:false
364 http fetch GET 200 https://registry.npmjs.org/@rolldown%2fbinding-linux-arm64-musl 164ms (cache miss)
365 silly packumentCache full:https://registry.npmjs.org/@rolldown%2fbinding-linux-arm64-musl set size:undefined disposed:false
366 http fetch GET 200 https://registry.npmjs.org/fdir 44ms (cache miss)
367 silly packumentCache full:https://registry.npmjs.org/fdir set size:undefined disposed:false
368 http fetch GET 200 https://registry.npmjs.org/@rolldown%2fbinding-linux-s390x-gnu 78ms (cache miss)
369 silly packumentCache full:https://registry.npmjs.org/@rolldown%2fbinding-linux-s390x-gnu set size:undefined disposed:false
370 http fetch GET 200 https://registry.npmjs.org/@rolldown%2fbinding-wasm32-wasi 106ms (cache miss)
371 silly packumentCache full:https://registry.npmjs.org/@rolldown%2fbinding-wasm32-wasi set size:undefined disposed:false
372 http fetch GET 200 https://registry.npmjs.org/@rolldown%2fbinding-linux-ppc64-gnu 87ms (cache miss)
373 silly packumentCache full:https://registry.npmjs.org/@rolldown%2fbinding-linux-ppc64-gnu set size:undefined disposed:false
374 http fetch GET 200 https://registry.npmjs.org/@rolldown%2fbinding-win32-x64-msvc 286ms (cache miss)
375 silly packumentCache full:https://registry.npmjs.org/@rolldown%2fbinding-win32-x64-msvc set size:undefined disposed:false
376 http fetch GET 200 https://registry.npmjs.org/@rolldown%2fbinding-win32-arm64-msvc 338ms (cache miss)
377 silly packumentCache full:https://registry.npmjs.org/@rolldown%2fbinding-win32-arm64-msvc set size:undefined disposed:false
378 http fetch GET 200 https://registry.npmjs.org/@rolldown%2fbinding-android-arm64 988ms (cache miss)
379 silly packumentCache full:https://registry.npmjs.org/@rolldown%2fbinding-android-arm64 set size:undefined disposed:false
380 silly placeDep ROOT lightningcss-android-arm64@1.32.0 OK for: lightningcss@1.32.0 want: 1.32.0
381 silly placeDep ROOT lightningcss-darwin-arm64@1.32.0 OK for: lightningcss@1.32.0 want: 1.32.0
382 silly placeDep ROOT lightningcss-darwin-x64@1.32.0 OK for: lightningcss@1.32.0 want: 1.32.0
383 silly placeDep ROOT lightningcss-freebsd-x64@1.32.0 OK for: lightningcss@1.32.0 want: 1.32.0
384 silly placeDep ROOT lightningcss-linux-arm-gnueabihf@1.32.0 OK for: lightningcss@1.32.0 want: 1.32.0
385 silly placeDep ROOT lightningcss-linux-arm64-gnu@1.32.0 OK for: lightningcss@1.32.0 want: 1.32.0
386 silly placeDep ROOT lightningcss-linux-arm64-musl@1.32.0 OK for: lightningcss@1.32.0 want: 1.32.0
387 silly placeDep ROOT lightningcss-linux-x64-gnu@1.32.0 OK for: lightningcss@1.32.0 want: 1.32.0
388 silly placeDep ROOT lightningcss-linux-x64-musl@1.32.0 OK for: lightningcss@1.32.0 want: 1.32.0
389 silly placeDep ROOT lightningcss-win32-arm64-msvc@1.32.0 OK for: lightningcss@1.32.0 want: 1.32.0
390 silly placeDep ROOT lightningcss-win32-x64-msvc@1.32.0 OK for: lightningcss@1.32.0 want: 1.32.0
391 silly placeDep ROOT nanoid@3.3.15 OK for: postcss@8.5.16 want: ^3.3.12
392 silly placeDep ROOT picocolors@1.1.1 OK for: postcss@8.5.16 want: ^1.1.1
393 silly placeDep ROOT source-map-js@1.2.1 OK for: postcss@8.5.16 want: ^1.2.1
394 silly placeDep ROOT @oxc-project/types@0.138.0 OK for: rolldown@1.1.4 want: =0.138.0
395 silly placeDep ROOT @rolldown/binding-android-arm64@1.1.4 OK for: rolldown@1.1.4 want: 1.1.4
396 silly placeDep ROOT @rolldown/binding-darwin-arm64@1.1.4 OK for: rolldown@1.1.4 want: 1.1.4
397 silly placeDep ROOT @rolldown/binding-darwin-x64@1.1.4 OK for: rolldown@1.1.4 want: 1.1.4
398 silly placeDep ROOT @rolldown/binding-freebsd-x64@1.1.4 OK for: rolldown@1.1.4 want: 1.1.4
399 silly placeDep ROOT @rolldown/binding-linux-arm-gnueabihf@1.1.4 OK for: rolldown@1.1.4 want: 1.1.4
400 silly placeDep ROOT @rolldown/binding-linux-arm64-gnu@1.1.4 OK for: rolldown@1.1.4 want: 1.1.4
401 silly placeDep ROOT @rolldown/binding-linux-arm64-musl@1.1.4 OK for: rolldown@1.1.4 want: 1.1.4
402 silly placeDep ROOT @rolldown/binding-linux-ppc64-gnu@1.1.4 OK for: rolldown@1.1.4 want: 1.1.4
403 silly placeDep ROOT @rolldown/binding-linux-s390x-gnu@1.1.4 OK for: rolldown@1.1.4 want: 1.1.4
404 silly placeDep ROOT @rolldown/binding-linux-x64-gnu@1.1.4 OK for: rolldown@1.1.4 want: 1.1.4
405 silly placeDep ROOT @rolldown/binding-linux-x64-musl@1.1.4 OK for: rolldown@1.1.4 want: 1.1.4
406 silly placeDep ROOT @rolldown/binding-openharmony-arm64@1.1.4 OK for: rolldown@1.1.4 want: 1.1.4
407 silly placeDep ROOT @rolldown/binding-wasm32-wasi@1.1.4 OK for: rolldown@1.1.4 want: 1.1.4
408 silly placeDep ROOT @rolldown/binding-win32-arm64-msvc@1.1.4 OK for: rolldown@1.1.4 want: 1.1.4
409 silly placeDep ROOT @rolldown/binding-win32-x64-msvc@1.1.4 OK for: rolldown@1.1.4 want: 1.1.4
410 silly placeDep ROOT @rolldown/pluginutils@1.0.1 OK for: rolldown@1.1.4 want: ^1.0.0
411 silly fetch manifest @napi-rs/wasm-runtime@^1.1.6
412 silly packumentCache full:https://registry.npmjs.org/@napi-rs%2fwasm-runtime cache-miss
413 silly fetch manifest @emnapi/core@1.11.1
414 silly packumentCache full:https://registry.npmjs.org/@emnapi%2fcore cache-miss
415 http fetch GET 200 https://registry.npmjs.org/@emnapi%2fcore 67ms (cache miss)
416 silly packumentCache full:https://registry.npmjs.org/@emnapi%2fcore set size:undefined disposed:false
417 http fetch GET 200 https://registry.npmjs.org/@napi-rs%2fwasm-runtime 97ms (cache miss)
418 silly packumentCache full:https://registry.npmjs.org/@napi-rs%2fwasm-runtime set size:undefined disposed:false
419 silly fetch manifest @emnapi/runtime@1.11.1
420 silly packumentCache full:https://registry.npmjs.org/@emnapi%2fruntime cache-miss
421 http cache https://registry.npmjs.org/@emnapi%2fruntime 5ms (cache hit)
422 silly packumentCache full:https://registry.npmjs.org/@emnapi%2fruntime set size:116352 disposed:false
423 silly placeDep ROOT @emnapi/core@1.11.1 OK for: @rolldown/binding-wasm32-wasi@1.1.4 want: 1.11.1
424 silly placeDep ROOT @napi-rs/wasm-runtime@1.1.6 OK for: @rolldown/binding-wasm32-wasi@1.1.4 want: ^1.1.6
425 silly fetch manifest @emnapi/wasi-threads@1.2.2
426 silly packumentCache full:https://registry.npmjs.org/@emnapi%2fwasi-threads cache-miss
427 silly fetch manifest @tybys/wasm-util@^0.10.3
428 silly packumentCache full:https://registry.npmjs.org/@tybys%2fwasm-util cache-miss
429 http fetch GET 200 https://registry.npmjs.org/@tybys%2fwasm-util 48ms (cache miss)
430 silly packumentCache full:https://registry.npmjs.org/@tybys%2fwasm-util set size:undefined disposed:false
431 http fetch GET 200 https://registry.npmjs.org/@emnapi%2fwasi-threads 55ms (cache miss)
432 silly packumentCache full:https://registry.npmjs.org/@emnapi%2fwasi-threads set size:undefined disposed:false
433 silly placeDep ROOT @emnapi/wasi-threads@1.2.2 OK for: @emnapi/core@1.11.1 want: 1.2.2
434 silly placeDep ROOT @tybys/wasm-util@0.10.3 OK for: @napi-rs/wasm-runtime@1.1.6 want: ^0.10.3
435 silly placeDep ROOT fdir@6.5.0 OK for: tinyglobby@0.2.17 want: ^6.5.0
436 silly reify moves {}
437 silly audit bulk request {
437 silly audit   sharp: [ '0.34.5' ],
437 silly audit   vite: [ '8.1.2' ],
437 silly audit   '@img/colour': [ '1.1.0' ],
437 silly audit   '@img/sharp-darwin-arm64': [ '0.34.5' ],
437 silly audit   '@img/sharp-darwin-x64': [ '0.34.5' ],
437 silly audit   '@img/sharp-libvips-darwin-arm64': [ '1.2.4' ],
437 silly audit   '@img/sharp-libvips-darwin-x64': [ '1.2.4' ],
437 silly audit   '@img/sharp-libvips-linux-arm': [ '1.2.4' ],
437 silly audit   '@img/sharp-libvips-linux-arm64': [ '1.2.4' ],
437 silly audit   '@img/sharp-libvips-linux-ppc64': [ '1.2.4' ],
437 silly audit   '@img/sharp-libvips-linux-riscv64': [ '1.2.4' ],
437 silly audit   '@img/sharp-libvips-linux-s390x': [ '1.2.4' ],
437 silly audit   '@img/sharp-libvips-linux-x64': [ '1.2.4' ],
437 silly audit   '@img/sharp-libvips-linuxmusl-arm64': [ '1.2.4' ],
437 silly audit   '@img/sharp-libvips-linuxmusl-x64': [ '1.2.4' ],
437 silly audit   '@img/sharp-linux-arm': [ '0.34.5' ],
437 silly audit   '@img/sharp-linux-arm64': [ '0.34.5' ],
437 silly audit   '@img/sharp-linux-ppc64': [ '0.34.5' ],
437 silly audit   '@img/sharp-linux-riscv64': [ '0.34.5' ],
437 silly audit   '@img/sharp-linux-s390x': [ '0.34.5' ],
437 silly audit   '@img/sharp-linux-x64': [ '0.34.5' ],
437 silly audit   '@img/sharp-linuxmusl-arm64': [ '0.34.5' ],
437 silly audit   '@img/sharp-linuxmusl-x64': [ '0.34.5' ],
437 silly audit   '@img/sharp-wasm32': [ '0.34.5' ],
437 silly audit   '@img/sharp-win32-arm64': [ '0.34.5' ],
437 silly audit   '@img/sharp-win32-ia32': [ '0.34.5' ],
437 silly audit   '@img/sharp-win32-x64': [ '0.34.5' ],
437 silly audit   'detect-libc': [ '2.1.2' ],
437 silly audit   semver: [ '7.8.5' ],
437 silly audit   '@emnapi/runtime': [ '1.11.1' ],
437 silly audit   tslib: [ '2.8.1' ],
437 silly audit   fsevents: [ '2.3.3' ],
437 silly audit   lightningcss: [ '1.32.0' ],
437 silly audit   picomatch: [ '4.0.4' ],
437 silly audit   postcss: [ '8.5.16' ],
437 silly audit   rolldown: [ '1.1.4' ],
437 silly audit   tinyglobby: [ '0.2.17' ],
437 silly audit   'lightningcss-android-arm64': [ '1.32.0' ],
437 silly audit   'lightningcss-darwin-arm64': [ '1.32.0' ],
437 silly audit   'lightningcss-darwin-x64': [ '1.32.0' ],
437 silly audit   'lightningcss-freebsd-x64': [ '1.32.0' ],
437 silly audit   'lightningcss-linux-arm-gnueabihf': [ '1.32.0' ],
437 silly audit   'lightningcss-linux-arm64-gnu': [ '1.32.0' ],
437 silly audit   'lightningcss-linux-arm64-musl': [ '1.32.0' ],
437 silly audit   'lightningcss-linux-x64-gnu': [ '1.32.0' ],
437 silly audit   'lightningcss-linux-x64-musl': [ '1.32.0' ],
437 silly audit   'lightningcss-win32-arm64-msvc': [ '1.32.0' ],
437 silly audit   'lightningcss-win32-x64-msvc': [ '1.32.0' ],
437 silly audit   nanoid: [ '3.3.15' ],
437 silly audit   picocolors: [ '1.1.1' ],
437 silly audit   'source-map-js': [ '1.2.1' ],
437 silly audit   '@oxc-project/types': [ '0.138.0' ],
437 silly audit   '@rolldown/binding-android-arm64': [ '1.1.4' ],
437 silly audit   '@rolldown/binding-darwin-arm64': [ '1.1.4' ],
437 silly audit   '@rolldown/binding-darwin-x64': [ '1.1.4' ],
437 silly audit   '@rolldown/binding-freebsd-x64': [ '1.1.4' ],
437 silly audit   '@rolldown/binding-linux-arm-gnueabihf': [ '1.1.4' ],
437 silly audit   '@rolldown/binding-linux-arm64-gnu': [ '1.1.4' ],
437 silly audit   '@rolldown/binding-linux-arm64-musl': [ '1.1.4' ],
437 silly audit   '@rolldown/binding-linux-ppc64-gnu': [ '1.1.4' ],
437 silly audit   '@rolldown/binding-linux-s390x-gnu': [ '1.1.4' ],
437 silly audit   '@rolldown/binding-linux-x64-gnu': [ '1.1.4' ],
437 silly audit   '@rolldown/binding-linux-x64-musl': [ '1.1.4' ],
437 silly audit   '@rolldown/binding-openharmony-arm64': [ '1.1.4' ],
437 silly audit   '@rolldown/binding-wasm32-wasi': [ '1.1.4' ],
437 silly audit   '@rolldown/binding-win32-arm64-msvc': [ '1.1.4' ],
437 silly audit   '@rolldown/binding-win32-x64-msvc': [ '1.1.4' ],
437 silly audit   '@rolldown/pluginutils': [ '1.0.1' ],
437 silly audit   '@emnapi/core': [ '1.11.1' ],
437 silly audit   '@napi-rs/wasm-runtime': [ '1.1.6' ],
437 silly audit   '@emnapi/wasi-threads': [ '1.2.2' ],
437 silly audit   '@tybys/wasm-util': [ '0.10.3' ],
437 silly audit   fdir: [ '6.5.0' ]
437 silly audit }
438 http cache fdir@https://registry.npmjs.org/fdir/-/fdir-6.5.0.tgz 0ms (cache hit)
439 http cache @rolldown/pluginutils@https://registry.npmjs.org/@rolldown/pluginutils/-/pluginutils-1.0.1.tgz 0ms (cache hit)
440 http cache @rolldown/binding-darwin-arm64@https://registry.npmjs.org/@rolldown/binding-darwin-arm64/-/binding-darwin-arm64-1.1.4.tgz 0ms (cache hit)
441 http cache @oxc-project/types@https://registry.npmjs.org/@oxc-project/types/-/types-0.138.0.tgz 0ms (cache hit)
442 http cache source-map-js@https://registry.npmjs.org/source-map-js/-/source-map-js-1.2.1.tgz 0ms (cache hit)
443 http cache picocolors@https://registry.npmjs.org/picocolors/-/picocolors-1.1.1.tgz 0ms (cache hit)
444 http cache nanoid@https://registry.npmjs.org/nanoid/-/nanoid-3.3.15.tgz 0ms (cache hit)
445 http cache lightningcss-darwin-arm64@https://registry.npmjs.org/lightningcss-darwin-arm64/-/lightningcss-darwin-arm64-1.32.0.tgz 0ms (cache hit)
446 http cache tinyglobby@https://registry.npmjs.org/tinyglobby/-/tinyglobby-0.2.17.tgz 0ms (cache hit)
447 http cache rolldown@https://registry.npmjs.org/rolldown/-/rolldown-1.1.4.tgz 0ms (cache hit)
448 http cache postcss@https://registry.npmjs.org/postcss/-/postcss-8.5.16.tgz 0ms (cache hit)
449 http cache lightningcss@https://registry.npmjs.org/lightningcss/-/lightningcss-1.32.0.tgz 0ms (cache hit)
450 http cache picomatch@https://registry.npmjs.org/picomatch/-/picomatch-4.0.4.tgz 0ms (cache hit)
451 http cache fsevents@https://registry.npmjs.org/fsevents/-/fsevents-2.3.3.tgz 0ms (cache hit)
452 http cache tslib@https://registry.npmjs.org/tslib/-/tslib-2.8.1.tgz 0ms (cache hit)
453 http cache @emnapi/runtime@https://registry.npmjs.org/@emnapi/runtime/-/runtime-1.11.1.tgz 0ms (cache hit)
454 http cache detect-libc@https://registry.npmjs.org/detect-libc/-/detect-libc-2.1.2.tgz 0ms (cache hit)
455 http cache @img/sharp-libvips-darwin-arm64@https://registry.npmjs.org/@img/sharp-libvips-darwin-arm64/-/sharp-libvips-darwin-arm64-1.2.4.tgz 0ms (cache hit)
456 http cache semver@https://registry.npmjs.org/semver/-/semver-7.8.5.tgz 0ms (cache hit)
457 http cache @img/sharp-darwin-arm64@https://registry.npmjs.org/@img/sharp-darwin-arm64/-/sharp-darwin-arm64-0.34.5.tgz 0ms (cache hit)
458 silly tarball no local data for fdir@https://registry.npmjs.org/fdir/-/fdir-6.5.0.tgz. Extracting by manifest.
459 silly tarball no local data for @rolldown/pluginutils@https://registry.npmjs.org/@rolldown/pluginutils/-/pluginutils-1.0.1.tgz. Extracting by manifest.
460 silly tarball no local data for @rolldown/binding-darwin-arm64@https://registry.npmjs.org/@rolldown/binding-darwin-arm64/-/binding-darwin-arm64-1.1.4.tgz. Extracting by manifest.
461 silly tarball no local data for @oxc-project/types@https://registry.npmjs.org/@oxc-project/types/-/types-0.138.0.tgz. Extracting by manifest.
462 silly tarball no local data for source-map-js@https://registry.npmjs.org/source-map-js/-/source-map-js-1.2.1.tgz. Extracting by manifest.
463 silly tarball no local data for picocolors@https://registry.npmjs.org/picocolors/-/picocolors-1.1.1.tgz. Extracting by manifest.
464 silly tarball no local data for nanoid@https://registry.npmjs.org/nanoid/-/nanoid-3.3.15.tgz. Extracting by manifest.
465 silly tarball no local data for lightningcss-darwin-arm64@https://registry.npmjs.org/lightningcss-darwin-arm64/-/lightningcss-darwin-arm64-1.32.0.tgz. Extracting by manifest.
466 http cache @img/colour@https://registry.npmjs.org/@img/colour/-/colour-1.1.0.tgz 0ms (cache hit)
467 silly tarball no local data for tinyglobby@https://registry.npmjs.org/tinyglobby/-/tinyglobby-0.2.17.tgz. Extracting by manifest.
468 silly tarball no local data for rolldown@https://registry.npmjs.org/rolldown/-/rolldown-1.1.4.tgz. Extracting by manifest.
469 silly tarball no local data for postcss@https://registry.npmjs.org/postcss/-/postcss-8.5.16.tgz. Extracting by manifest.
470 silly tarball no local data for lightningcss@https://registry.npmjs.org/lightningcss/-/lightningcss-1.32.0.tgz. Extracting by manifest.
471 silly tarball no local data for picomatch@https://registry.npmjs.org/picomatch/-/picomatch-4.0.4.tgz. Extracting by manifest.
472 silly tarball no local data for fsevents@https://registry.npmjs.org/fsevents/-/fsevents-2.3.3.tgz. Extracting by manifest.
473 silly tarball no local data for tslib@https://registry.npmjs.org/tslib/-/tslib-2.8.1.tgz. Extracting by manifest.
474 silly tarball no local data for @emnapi/runtime@https://registry.npmjs.org/@emnapi/runtime/-/runtime-1.11.1.tgz. Extracting by manifest.
475 silly tarball no local data for detect-libc@https://registry.npmjs.org/detect-libc/-/detect-libc-2.1.2.tgz. Extracting by manifest.
476 silly tarball no local data for @img/sharp-libvips-darwin-arm64@https://registry.npmjs.org/@img/sharp-libvips-darwin-arm64/-/sharp-libvips-darwin-arm64-1.2.4.tgz. Extracting by manifest.
477 silly tarball no local data for semver@https://registry.npmjs.org/semver/-/semver-7.8.5.tgz. Extracting by manifest.
478 silly tarball no local data for @img/sharp-darwin-arm64@https://registry.npmjs.org/@img/sharp-darwin-arm64/-/sharp-darwin-arm64-0.34.5.tgz. Extracting by manifest.
479 silly tarball no local data for @img/colour@https://registry.npmjs.org/@img/colour/-/colour-1.1.0.tgz. Extracting by manifest.
480 http cache sharp@https://registry.npmjs.org/sharp/-/sharp-0.34.5.tgz 0ms (cache hit)
481 http cache vite@https://registry.npmjs.org/vite/-/vite-8.1.2.tgz 0ms (cache hit)
482 silly tarball no local data for sharp@https://registry.npmjs.org/sharp/-/sharp-0.34.5.tgz. Extracting by manifest.
483 silly tarball no local data for vite@https://registry.npmjs.org/vite/-/vite-8.1.2.tgz. Extracting by manifest.
484 http fetch GET 200 https://registry.npmjs.org/nanoid/-/nanoid-3.3.15.tgz 41ms (cache miss)
485 http fetch GET 200 https://registry.npmjs.org/fdir/-/fdir-6.5.0.tgz 43ms (cache miss)
486 http fetch GET 200 https://registry.npmjs.org/source-map-js/-/source-map-js-1.2.1.tgz 54ms (cache miss)
487 http fetch GET 200 https://registry.npmjs.org/tslib/-/tslib-2.8.1.tgz 67ms (cache miss)
488 http fetch GET 200 https://registry.npmjs.org/@oxc-project/types/-/types-0.138.0.tgz 99ms (cache miss)
489 http fetch GET 200 https://registry.npmjs.org/picocolors/-/picocolors-1.1.1.tgz 116ms (cache miss)
490 http fetch GET 200 https://registry.npmjs.org/tinyglobby/-/tinyglobby-0.2.17.tgz 118ms (cache miss)
491 http fetch GET 200 https://registry.npmjs.org/postcss/-/postcss-8.5.16.tgz 117ms (cache miss)
492 http fetch GET 200 https://registry.npmjs.org/@rolldown/pluginutils/-/pluginutils-1.0.1.tgz 132ms (cache miss)
493 http fetch GET 200 https://registry.npmjs.org/@emnapi/runtime/-/runtime-1.11.1.tgz 143ms (cache miss)
494 http fetch GET 200 https://registry.npmjs.org/detect-libc/-/detect-libc-2.1.2.tgz 157ms (cache miss)
495 http fetch GET 200 https://registry.npmjs.org/picomatch/-/picomatch-4.0.4.tgz 179ms (cache miss)
496 http fetch GET 200 https://registry.npmjs.org/fsevents/-/fsevents-2.3.3.tgz 186ms (cache miss)
497 http fetch GET 200 https://registry.npmjs.org/lightningcss/-/lightningcss-1.32.0.tgz 190ms (cache miss)
498 http fetch GET 200 https://registry.npmjs.org/semver/-/semver-7.8.5.tgz 201ms (cache miss)
499 http fetch GET 200 https://registry.npmjs.org/@img/sharp-darwin-arm64/-/sharp-darwin-arm64-0.34.5.tgz 286ms (cache miss)
500 http fetch POST 200 https://registry.npmjs.org/-/npm/v1/security/advisories/bulk 306ms
501 silly audit report {}
502 http fetch GET 200 https://registry.npmjs.org/@img/colour/-/colour-1.1.0.tgz 297ms (cache miss)
503 http fetch GET 200 https://registry.npmjs.org/rolldown/-/rolldown-1.1.4.tgz 301ms (cache miss)
504 http fetch GET 200 https://registry.npmjs.org/vite/-/vite-8.1.2.tgz 401ms (cache miss)
505 http fetch GET 200 https://registry.npmjs.org/sharp/-/sharp-0.34.5.tgz 408ms (cache miss)
506 http fetch GET 200 https://registry.npmjs.org/@rolldown/binding-darwin-arm64/-/binding-darwin-arm64-1.1.4.tgz 1745ms (cache miss)
507 http fetch GET 200 https://registry.npmjs.org/@img/sharp-libvips-darwin-arm64/-/sharp-libvips-darwin-arm64-1.2.4.tgz 1986ms (cache miss)
508 http fetch GET 200 https://registry.npmjs.org/lightningcss-darwin-arm64/-/lightningcss-darwin-arm64-1.32.0.tgz 2147ms (cache miss)
509 info run fsevents@2.3.3 install node_modules/fsevents node-gyp rebuild
510 info run sharp@0.34.5 install node_modules/sharp node install/check.js || npm run build
511 info run fsevents@2.3.3 install { code: 1, signal: null }
512 verbose reify failed optional dependency /Users/gabriel.wsantos/Desktop/coisas/projeto/SitePortfolioGabs/node_modules/fsevents
513 silly reify mark deleted [
513 silly reify   '/Users/gabriel.wsantos/Desktop/coisas/projeto/SitePortfolioGabs/node_modules/fsevents'
513 silly reify ]
514 info run sharp@0.34.5 install { code: 0, signal: null }
515 silly ADD node_modules/fdir
516 silly ADD node_modules/@rolldown/pluginutils
517 silly ADD node_modules/@rolldown/binding-darwin-arm64
518 silly ADD node_modules/@oxc-project/types
519 silly ADD node_modules/source-map-js
520 silly ADD node_modules/picocolors
521 silly ADD node_modules/nanoid
522 silly ADD node_modules/lightningcss-darwin-arm64
523 silly ADD node_modules/tinyglobby
524 silly ADD node_modules/rolldown
525 silly ADD node_modules/postcss
526 silly ADD node_modules/picomatch
527 silly ADD node_modules/lightningcss
528 silly ADD
529 silly ADD node_modules/tslib
530 silly ADD node_modules/@emnapi/runtime
531 silly ADD node_modules/semver
532 silly ADD node_modules/detect-libc
533 silly ADD node_modules/@img/sharp-libvips-darwin-arm64
534 silly ADD node_modules/@img/sharp-darwin-arm64
535 silly ADD node_modules/@img/colour
536 silly ADD node_modules/vite
537 silly ADD node_modules/sharp
538 verbose cwd /Users/gabriel.wsantos/Desktop/coisas/projeto/SitePortfolioGabs
539 verbose os Darwin 25.5.0
540 verbose node v24.15.0
541 verbose npm  v11.12.1
542 notice
542 notice New minor version of npm available! 11.12.1 -> 11.18.0
542 notice Changelog: https://github.com/npm/cli/releases/tag/v11.18.0
542 notice To update run: npm install -g npm@11.18.0
542 notice  { force: true, Symbol(proc-log.meta): true }
543 verbose exit 0
544 info ok
